clapackd.lib(dlamch.obj) : warning LNK4099: 未找到 PDB“clapack.pdb”(使用“clapackd.lib(dlamch.obj)”或在“C:\Users\pp\Desktop\clapack_template\clapack_template\Debug\clapack.pdb”中寻找)；正在链接对象，如同没有调试信息一样
clapackd.lib(slamch.obj) : warning LNK4099: 未找到 PDB“clapack.pdb”(使用“clapackd.lib(slamch.obj)”或在“C:\Users\pp\Desktop\clapack_template\clapack_template\Debug\clapack.pdb”中寻找)；正在链接对象，如同没有调试信息一样
clapackd.lib(dbdsqr1.obj) : warning LNK4099: 未找到 PDB“clapack.pdb”(使用“clapackd.lib(dbdsqr1.obj)”或在“C:\Users\pp\Desktop\clapack_template\clapack_template\Debug\clapack.pdb”中寻找)；正在链接对象，如同没有调试信息一样
clapackd.lib(dgebd21.obj) : warning LNK4099: 未找到 PDB“clapack.pdb”(使用“clapackd.lib(dgebd21.obj)”或在“C:\Users\pp\Desktop\clapack_template\clapack_template\Debug\clapack.pdb”中寻找)；正在链接对象，如同没有调试信息一样
clapackd.lib(dgebrd1.obj) : warning LNK4099: 未找到 PDB“clapack.pdb”(使用“clapackd.lib(dgebrd1.obj)”或在“C:\Users\pp\Desktop\clapack_template\clapack_template\Debug\clapack.pdb”中寻找)；正在链接对象，如同没有调试信息一样
clapackd.lib(dgelq21.obj) : warning LNK4099: 未找到 PDB“clapack.pdb”(使用“clapackd.lib(dgelq21.obj)”或在“C:\Users\pp\Desktop\clapack_template\clapack_template\Debug\clapack.pdb”中寻找)；正在链接对象，如同没有调试信息一样
clapackd.lib(dgelqf1.obj) : warning LNK4099: 未找到 PDB“clapack.pdb”(使用“clapackd.lib(dgelqf1.obj)”或在“C:\Users\pp\Desktop\clapack_template\clapack_template\Debug\clapack.pdb”中寻找)；正在链接对象，如同没有调试信息一样
clapackd.lib(dgeqp31.obj) : warning LNK4099: 未找到 PDB“clapack.pdb”(使用“clapackd.lib(dgeqp31.obj)”或在“C:\Users\pp\Desktop\clapack_template\clapack_template\Debug\clapack.pdb”中寻找)；正在链接对象，如同没有调试信息一样
clapackd.lib(dgeqr21.obj) : warning LNK4099: 未找到 PDB“clapack.pdb”(使用“clapackd.lib(dgeqr21.obj)”或在“C:\Users\pp\Desktop\clapack_template\clapack_template\Debug\clapack.pdb”中寻找)；正在链接对象，如同没有调试信息一样
clapackd.lib(dgeqrf1.obj) : warning LNK4099: 未找到 PDB“clapack.pdb”(使用“clapackd.lib(dgeqrf1.obj)”或在“C:\Users\pp\Desktop\clapack_template\clapack_template\Debug\clapack.pdb”中寻找)；正在链接对象，如同没有调试信息一样
clapackd.lib(dgesvd1.obj) : warning LNK4099: 未找到 PDB“clapack.pdb”(使用“clapackd.lib(dgesvd1.obj)”或在“C:\Users\pp\Desktop\clapack_template\clapack_template\Debug\clapack.pdb”中寻找)；正在链接对象，如同没有调试信息一样
clapackd.lib(dgetf21.obj) : warning LNK4099: 未找到 PDB“clapack.pdb”(使用“clapackd.lib(dgetf21.obj)”或在“C:\Users\pp\Desktop\clapack_template\clapack_template\Debug\clapack.pdb”中寻找)；正在链接对象，如同没有调试信息一样
clapackd.lib(dgetrf1.obj) : warning LNK4099: 未找到 PDB“clapack.pdb”(使用“clapackd.lib(dgetrf1.obj)”或在“C:\Users\pp\Desktop\clapack_template\clapack_template\Debug\clapack.pdb”中寻找)；正在链接对象，如同没有调试信息一样
clapackd.lib(dgetrs1.obj) : warning LNK4099: 未找到 PDB“clapack.pdb”(使用“clapackd.lib(dgetrs1.obj)”或在“C:\Users\pp\Desktop\clapack_template\clapack_template\Debug\clapack.pdb”中寻找)；正在链接对象，如同没有调试信息一样
clapackd.lib(disnan1.obj) : warning LNK4099: 未找到 PDB“clapack.pdb”(使用“clapackd.lib(disnan1.obj)”或在“C:\Users\pp\Desktop\clapack_template\clapack_template\Debug\clapack.pdb”中寻找)；正在链接对象，如同没有调试信息一样
clapackd.lib(dlabrd1.obj) : warning LNK4099: 未找到 PDB“clapack.pdb”(使用“clapackd.lib(dlabrd1.obj)”或在“C:\Users\pp\Desktop\clapack_template\clapack_template\Debug\clapack.pdb”中寻找)；正在链接对象，如同没有调试信息一样
clapackd.lib(dlacpy1.obj) : warning LNK4099: 未找到 PDB“clapack.pdb”(使用“clapackd.lib(dlacpy1.obj)”或在“C:\Users\pp\Desktop\clapack_template\clapack_template\Debug\clapack.pdb”中寻找)；正在链接对象，如同没有调试信息一样
clapackd.lib(dlaisnan1.obj) : warning LNK4099: 未找到 PDB“clapack.pdb”(使用“clapackd.lib(dlaisnan1.obj)”或在“C:\Users\pp\Desktop\clapack_template\clapack_template\Debug\clapack.pdb”中寻找)；正在链接对象，如同没有调试信息一样
clapackd.lib(dlange1.obj) : warning LNK4099: 未找到 PDB“clapack.pdb”(使用“clapackd.lib(dlange1.obj)”或在“C:\Users\pp\Desktop\clapack_template\clapack_template\Debug\clapack.pdb”中寻找)；正在链接对象，如同没有调试信息一样
clapackd.lib(dlapy21.obj) : warning LNK4099: 未找到 PDB“clapack.pdb”(使用“clapackd.lib(dlapy21.obj)”或在“C:\Users\pp\Desktop\clapack_template\clapack_template\Debug\clapack.pdb”中寻找)；正在链接对象，如同没有调试信息一样
clapackd.lib(dlaqp21.obj) : warning LNK4099: 未找到 PDB“clapack.pdb”(使用“clapackd.lib(dlaqp21.obj)”或在“C:\Users\pp\Desktop\clapack_template\clapack_template\Debug\clapack.pdb”中寻找)；正在链接对象，如同没有调试信息一样
clapackd.lib(dlaqps1.obj) : warning LNK4099: 未找到 PDB“clapack.pdb”(使用“clapackd.lib(dlaqps1.obj)”或在“C:\Users\pp\Desktop\clapack_template\clapack_template\Debug\clapack.pdb”中寻找)；正在链接对象，如同没有调试信息一样
clapackd.lib(dlarf1.obj) : warning LNK4099: 未找到 PDB“clapack.pdb”(使用“clapackd.lib(dlarf1.obj)”或在“C:\Users\pp\Desktop\clapack_template\clapack_template\Debug\clapack.pdb”中寻找)；正在链接对象，如同没有调试信息一样
clapackd.lib(dlarfb1.obj) : warning LNK4099: 未找到 PDB“clapack.pdb”(使用“clapackd.lib(dlarfb1.obj)”或在“C:\Users\pp\Desktop\clapack_template\clapack_template\Debug\clapack.pdb”中寻找)；正在链接对象，如同没有调试信息一样
clapackd.lib(dlarfg1.obj) : warning LNK4099: 未找到 PDB“clapack.pdb”(使用“clapackd.lib(dlarfg1.obj)”或在“C:\Users\pp\Desktop\clapack_template\clapack_template\Debug\clapack.pdb”中寻找)；正在链接对象，如同没有调试信息一样
clapackd.lib(dlarft1.obj) : warning LNK4099: 未找到 PDB“clapack.pdb”(使用“clapackd.lib(dlarft1.obj)”或在“C:\Users\pp\Desktop\clapack_template\clapack_template\Debug\clapack.pdb”中寻找)；正在链接对象，如同没有调试信息一样
clapackd.lib(dlartg1.obj) : warning LNK4099: 未找到 PDB“clapack.pdb”(使用“clapackd.lib(dlartg1.obj)”或在“C:\Users\pp\Desktop\clapack_template\clapack_template\Debug\clapack.pdb”中寻找)；正在链接对象，如同没有调试信息一样
clapackd.lib(dlas21.obj) : warning LNK4099: 未找到 PDB“clapack.pdb”(使用“clapackd.lib(dlas21.obj)”或在“C:\Users\pp\Desktop\clapack_template\clapack_template\Debug\clapack.pdb”中寻找)；正在链接对象，如同没有调试信息一样
clapackd.lib(dlascl1.obj) : warning LNK4099: 未找到 PDB“clapack.pdb”(使用“clapackd.lib(dlascl1.obj)”或在“C:\Users\pp\Desktop\clapack_template\clapack_template\Debug\clapack.pdb”中寻找)；正在链接对象，如同没有调试信息一样
clapackd.lib(dlaset1.obj) : warning LNK4099: 未找到 PDB“clapack.pdb”(使用“clapackd.lib(dlaset1.obj)”或在“C:\Users\pp\Desktop\clapack_template\clapack_template\Debug\clapack.pdb”中寻找)；正在链接对象，如同没有调试信息一样
clapackd.lib(dlasq11.obj) : warning LNK4099: 未找到 PDB“clapack.pdb”(使用“clapackd.lib(dlasq11.obj)”或在“C:\Users\pp\Desktop\clapack_template\clapack_template\Debug\clapack.pdb”中寻找)；正在链接对象，如同没有调试信息一样
clapackd.lib(dlasq21.obj) : warning LNK4099: 未找到 PDB“clapack.pdb”(使用“clapackd.lib(dlasq21.obj)”或在“C:\Users\pp\Desktop\clapack_template\clapack_template\Debug\clapack.pdb”中寻找)；正在链接对象，如同没有调试信息一样
clapackd.lib(dlasq51.obj) : warning LNK4099: 未找到 PDB“clapack.pdb”(使用“clapackd.lib(dlasq51.obj)”或在“C:\Users\pp\Desktop\clapack_template\clapack_template\Debug\clapack.pdb”中寻找)；正在链接对象，如同没有调试信息一样
clapackd.lib(dlasq61.obj) : warning LNK4099: 未找到 PDB“clapack.pdb”(使用“clapackd.lib(dlasq61.obj)”或在“C:\Users\pp\Desktop\clapack_template\clapack_template\Debug\clapack.pdb”中寻找)；正在链接对象，如同没有调试信息一样
clapackd.lib(dlasr1.obj) : warning LNK4099: 未找到 PDB“clapack.pdb”(使用“clapackd.lib(dlasr1.obj)”或在“C:\Users\pp\Desktop\clapack_template\clapack_template\Debug\clapack.pdb”中寻找)；正在链接对象，如同没有调试信息一样
clapackd.lib(dlasrt1.obj) : warning LNK4099: 未找到 PDB“clapack.pdb”(使用“clapackd.lib(dlasrt1.obj)”或在“C:\Users\pp\Desktop\clapack_template\clapack_template\Debug\clapack.pdb”中寻找)；正在链接对象，如同没有调试信息一样
clapackd.lib(dlassq1.obj) : warning LNK4099: 未找到 PDB“clapack.pdb”(使用“clapackd.lib(dlassq1.obj)”或在“C:\Users\pp\Desktop\clapack_template\clapack_template\Debug\clapack.pdb”中寻找)；正在链接对象，如同没有调试信息一样
clapackd.lib(dlasv21.obj) : warning LNK4099: 未找到 PDB“clapack.pdb”(使用“clapackd.lib(dlasv21.obj)”或在“C:\Users\pp\Desktop\clapack_template\clapack_template\Debug\clapack.pdb”中寻找)；正在链接对象，如同没有调试信息一样
clapackd.lib(dlaswp1.obj) : warning LNK4099: 未找到 PDB“clapack.pdb”(使用“clapackd.lib(dlaswp1.obj)”或在“C:\Users\pp\Desktop\clapack_template\clapack_template\Debug\clapack.pdb”中寻找)；正在链接对象，如同没有调试信息一样
clapackd.lib(dlasyf1.obj) : warning LNK4099: 未找到 PDB“clapack.pdb”(使用“clapackd.lib(dlasyf1.obj)”或在“C:\Users\pp\Desktop\clapack_template\clapack_template\Debug\clapack.pdb”中寻找)；正在链接对象，如同没有调试信息一样
clapackd.lib(dlazq31.obj) : warning LNK4099: 未找到 PDB“clapack.pdb”(使用“clapackd.lib(dlazq31.obj)”或在“C:\Users\pp\Desktop\clapack_template\clapack_template\Debug\clapack.pdb”中寻找)；正在链接对象，如同没有调试信息一样
clapackd.lib(dlazq41.obj) : warning LNK4099: 未找到 PDB“clapack.pdb”(使用“clapackd.lib(dlazq41.obj)”或在“C:\Users\pp\Desktop\clapack_template\clapack_template\Debug\clapack.pdb”中寻找)；正在链接对象，如同没有调试信息一样
clapackd.lib(dorg2r1.obj) : warning LNK4099: 未找到 PDB“clapack.pdb”(使用“clapackd.lib(dorg2r1.obj)”或在“C:\Users\pp\Desktop\clapack_template\clapack_template\Debug\clapack.pdb”中寻找)；正在链接对象，如同没有调试信息一样
clapackd.lib(dorgbr1.obj) : warning LNK4099: 未找到 PDB“clapack.pdb”(使用“clapackd.lib(dorgbr1.obj)”或在“C:\Users\pp\Desktop\clapack_template\clapack_template\Debug\clapack.pdb”中寻找)；正在链接对象，如同没有调试信息一样
clapackd.lib(dorgl21.obj) : warning LNK4099: 未找到 PDB“clapack.pdb”(使用“clapackd.lib(dorgl21.obj)”或在“C:\Users\pp\Desktop\clapack_template\clapack_template\Debug\clapack.pdb”中寻找)；正在链接对象，如同没有调试信息一样
clapackd.lib(dorglq1.obj) : warning LNK4099: 未找到 PDB“clapack.pdb”(使用“clapackd.lib(dorglq1.obj)”或在“C:\Users\pp\Desktop\clapack_template\clapack_template\Debug\clapack.pdb”中寻找)；正在链接对象，如同没有调试信息一样
clapackd.lib(dorgqr1.obj) : warning LNK4099: 未找到 PDB“clapack.pdb”(使用“clapackd.lib(dorgqr1.obj)”或在“C:\Users\pp\Desktop\clapack_template\clapack_template\Debug\clapack.pdb”中寻找)；正在链接对象，如同没有调试信息一样
clapackd.lib(dorm2r1.obj) : warning LNK4099: 未找到 PDB“clapack.pdb”(使用“clapackd.lib(dorm2r1.obj)”或在“C:\Users\pp\Desktop\clapack_template\clapack_template\Debug\clapack.pdb”中寻找)；正在链接对象，如同没有调试信息一样
clapackd.lib(dormbr1.obj) : warning LNK4099: 未找到 PDB“clapack.pdb”(使用“clapackd.lib(dormbr1.obj)”或在“C:\Users\pp\Desktop\clapack_template\clapack_template\Debug\clapack.pdb”中寻找)；正在链接对象，如同没有调试信息一样
clapackd.lib(dorml21.obj) : warning LNK4099: 未找到 PDB“clapack.pdb”(使用“clapackd.lib(dorml21.obj)”或在“C:\Users\pp\Desktop\clapack_template\clapack_template\Debug\clapack.pdb”中寻找)；正在链接对象，如同没有调试信息一样
clapackd.lib(dormlq1.obj) : warning LNK4099: 未找到 PDB“clapack.pdb”(使用“clapackd.lib(dormlq1.obj)”或在“C:\Users\pp\Desktop\clapack_template\clapack_template\Debug\clapack.pdb”中寻找)；正在链接对象，如同没有调试信息一样
clapackd.lib(dormqr1.obj) : warning LNK4099: 未找到 PDB“clapack.pdb”(使用“clapackd.lib(dormqr1.obj)”或在“C:\Users\pp\Desktop\clapack_template\clapack_template\Debug\clapack.pdb”中寻找)；正在链接对象，如同没有调试信息一样
clapackd.lib(dpotf21.obj) : warning LNK4099: 未找到 PDB“clapack.pdb”(使用“clapackd.lib(dpotf21.obj)”或在“C:\Users\pp\Desktop\clapack_template\clapack_template\Debug\clapack.pdb”中寻找)；正在链接对象，如同没有调试信息一样
clapackd.lib(dpotrf1.obj) : warning LNK4099: 未找到 PDB“clapack.pdb”(使用“clapackd.lib(dpotrf1.obj)”或在“C:\Users\pp\Desktop\clapack_template\clapack_template\Debug\clapack.pdb”中寻找)；正在链接对象，如同没有调试信息一样
clapackd.lib(dpotrs1.obj) : warning LNK4099: 未找到 PDB“clapack.pdb”(使用“clapackd.lib(dpotrs1.obj)”或在“C:\Users\pp\Desktop\clapack_template\clapack_template\Debug\clapack.pdb”中寻找)；正在链接对象，如同没有调试信息一样
clapackd.lib(dsytf21.obj) : warning LNK4099: 未找到 PDB“clapack.pdb”(使用“clapackd.lib(dsytf21.obj)”或在“C:\Users\pp\Desktop\clapack_template\clapack_template\Debug\clapack.pdb”中寻找)；正在链接对象，如同没有调试信息一样
clapackd.lib(dsytrf1.obj) : warning LNK4099: 未找到 PDB“clapack.pdb”(使用“clapackd.lib(dsytrf1.obj)”或在“C:\Users\pp\Desktop\clapack_template\clapack_template\Debug\clapack.pdb”中寻找)；正在链接对象，如同没有调试信息一样
clapackd.lib(dsytrs1.obj) : warning LNK4099: 未找到 PDB“clapack.pdb”(使用“clapackd.lib(dsytrs1.obj)”或在“C:\Users\pp\Desktop\clapack_template\clapack_template\Debug\clapack.pdb”中寻找)；正在链接对象，如同没有调试信息一样
clapackd.lib(dtrti21.obj) : warning LNK4099: 未找到 PDB“clapack.pdb”(使用“clapackd.lib(dtrti21.obj)”或在“C:\Users\pp\Desktop\clapack_template\clapack_template\Debug\clapack.pdb”中寻找)；正在链接对象，如同没有调试信息一样
clapackd.lib(dtrtri1.obj) : warning LNK4099: 未找到 PDB“clapack.pdb”(使用“clapackd.lib(dtrtri1.obj)”或在“C:\Users\pp\Desktop\clapack_template\clapack_template\Debug\clapack.pdb”中寻找)；正在链接对象，如同没有调试信息一样
clapackd.lib(dtrtrs1.obj) : warning LNK4099: 未找到 PDB“clapack.pdb”(使用“clapackd.lib(dtrtrs1.obj)”或在“C:\Users\pp\Desktop\clapack_template\clapack_template\Debug\clapack.pdb”中寻找)；正在链接对象，如同没有调试信息一样
clapackd.lib(ieeeck1.obj) : warning LNK4099: 未找到 PDB“clapack.pdb”(使用“clapackd.lib(ieeeck1.obj)”或在“C:\Users\pp\Desktop\clapack_template\clapack_template\Debug\clapack.pdb”中寻找)；正在链接对象，如同没有调试信息一样
clapackd.lib(ilaenv1.obj) : warning LNK4099: 未找到 PDB“clapack.pdb”(使用“clapackd.lib(ilaenv1.obj)”或在“C:\Users\pp\Desktop\clapack_template\clapack_template\Debug\clapack.pdb”中寻找)；正在链接对象，如同没有调试信息一样
clapackd.lib(iparmq1.obj) : warning LNK4099: 未找到 PDB“clapack.pdb”(使用“clapackd.lib(iparmq1.obj)”或在“C:\Users\pp\Desktop\clapack_template\clapack_template\Debug\clapack.pdb”中寻找)；正在链接对象，如同没有调试信息一样
clapackd.lib(lsame1.obj) : warning LNK4099: 未找到 PDB“clapack.pdb”(使用“clapackd.lib(lsame1.obj)”或在“C:\Users\pp\Desktop\clapack_template\clapack_template\Debug\clapack.pdb”中寻找)；正在链接对象，如同没有调试信息一样
clapackd.lib(sbdsqr1.obj) : warning LNK4099: 未找到 PDB“clapack.pdb”(使用“clapackd.lib(sbdsqr1.obj)”或在“C:\Users\pp\Desktop\clapack_template\clapack_template\Debug\clapack.pdb”中寻找)；正在链接对象，如同没有调试信息一样
clapackd.lib(sgebd21.obj) : warning LNK4099: 未找到 PDB“clapack.pdb”(使用“clapackd.lib(sgebd21.obj)”或在“C:\Users\pp\Desktop\clapack_template\clapack_template\Debug\clapack.pdb”中寻找)；正在链接对象，如同没有调试信息一样
clapackd.lib(sgebrd1.obj) : warning LNK4099: 未找到 PDB“clapack.pdb”(使用“clapackd.lib(sgebrd1.obj)”或在“C:\Users\pp\Desktop\clapack_template\clapack_template\Debug\clapack.pdb”中寻找)；正在链接对象，如同没有调试信息一样
clapackd.lib(sgelq21.obj) : warning LNK4099: 未找到 PDB“clapack.pdb”(使用“clapackd.lib(sgelq21.obj)”或在“C:\Users\pp\Desktop\clapack_template\clapack_template\Debug\clapack.pdb”中寻找)；正在链接对象，如同没有调试信息一样
clapackd.lib(sgelqf1.obj) : warning LNK4099: 未找到 PDB“clapack.pdb”(使用“clapackd.lib(sgelqf1.obj)”或在“C:\Users\pp\Desktop\clapack_template\clapack_template\Debug\clapack.pdb”中寻找)；正在链接对象，如同没有调试信息一样
clapackd.lib(sgeqp31.obj) : warning LNK4099: 未找到 PDB“clapack.pdb”(使用“clapackd.lib(sgeqp31.obj)”或在“C:\Users\pp\Desktop\clapack_template\clapack_template\Debug\clapack.pdb”中寻找)；正在链接对象，如同没有调试信息一样
clapackd.lib(sgeqr21.obj) : warning LNK4099: 未找到 PDB“clapack.pdb”(使用“clapackd.lib(sgeqr21.obj)”或在“C:\Users\pp\Desktop\clapack_template\clapack_template\Debug\clapack.pdb”中寻找)；正在链接对象，如同没有调试信息一样
clapackd.lib(sgeqrf1.obj) : warning LNK4099: 未找到 PDB“clapack.pdb”(使用“clapackd.lib(sgeqrf1.obj)”或在“C:\Users\pp\Desktop\clapack_template\clapack_template\Debug\clapack.pdb”中寻找)；正在链接对象，如同没有调试信息一样
clapackd.lib(sgesvd1.obj) : warning LNK4099: 未找到 PDB“clapack.pdb”(使用“clapackd.lib(sgesvd1.obj)”或在“C:\Users\pp\Desktop\clapack_template\clapack_template\Debug\clapack.pdb”中寻找)；正在链接对象，如同没有调试信息一样
clapackd.lib(sgetf21.obj) : warning LNK4099: 未找到 PDB“clapack.pdb”(使用“clapackd.lib(sgetf21.obj)”或在“C:\Users\pp\Desktop\clapack_template\clapack_template\Debug\clapack.pdb”中寻找)；正在链接对象，如同没有调试信息一样
clapackd.lib(sgetrf1.obj) : warning LNK4099: 未找到 PDB“clapack.pdb”(使用“clapackd.lib(sgetrf1.obj)”或在“C:\Users\pp\Desktop\clapack_template\clapack_template\Debug\clapack.pdb”中寻找)；正在链接对象，如同没有调试信息一样
clapackd.lib(sgetrs1.obj) : warning LNK4099: 未找到 PDB“clapack.pdb”(使用“clapackd.lib(sgetrs1.obj)”或在“C:\Users\pp\Desktop\clapack_template\clapack_template\Debug\clapack.pdb”中寻找)；正在链接对象，如同没有调试信息一样
clapackd.lib(sisnan1.obj) : warning LNK4099: 未找到 PDB“clapack.pdb”(使用“clapackd.lib(sisnan1.obj)”或在“C:\Users\pp\Desktop\clapack_template\clapack_template\Debug\clapack.pdb”中寻找)；正在链接对象，如同没有调试信息一样
clapackd.lib(slabrd1.obj) : warning LNK4099: 未找到 PDB“clapack.pdb”(使用“clapackd.lib(slabrd1.obj)”或在“C:\Users\pp\Desktop\clapack_template\clapack_template\Debug\clapack.pdb”中寻找)；正在链接对象，如同没有调试信息一样
clapackd.lib(slacpy1.obj) : warning LNK4099: 未找到 PDB“clapack.pdb”(使用“clapackd.lib(slacpy1.obj)”或在“C:\Users\pp\Desktop\clapack_template\clapack_template\Debug\clapack.pdb”中寻找)；正在链接对象，如同没有调试信息一样
clapackd.lib(slaisnan1.obj) : warning LNK4099: 未找到 PDB“clapack.pdb”(使用“clapackd.lib(slaisnan1.obj)”或在“C:\Users\pp\Desktop\clapack_template\clapack_template\Debug\clapack.pdb”中寻找)；正在链接对象，如同没有调试信息一样
clapackd.lib(slange1.obj) : warning LNK4099: 未找到 PDB“clapack.pdb”(使用“clapackd.lib(slange1.obj)”或在“C:\Users\pp\Desktop\clapack_template\clapack_template\Debug\clapack.pdb”中寻找)；正在链接对象，如同没有调试信息一样
clapackd.lib(slapy21.obj) : warning LNK4099: 未找到 PDB“clapack.pdb”(使用“clapackd.lib(slapy21.obj)”或在“C:\Users\pp\Desktop\clapack_template\clapack_template\Debug\clapack.pdb”中寻找)；正在链接对象，如同没有调试信息一样
clapackd.lib(slaqp21.obj) : warning LNK4099: 未找到 PDB“clapack.pdb”(使用“clapackd.lib(slaqp21.obj)”或在“C:\Users\pp\Desktop\clapack_template\clapack_template\Debug\clapack.pdb”中寻找)；正在链接对象，如同没有调试信息一样
clapackd.lib(slaqps1.obj) : warning LNK4099: 未找到 PDB“clapack.pdb”(使用“clapackd.lib(slaqps1.obj)”或在“C:\Users\pp\Desktop\clapack_template\clapack_template\Debug\clapack.pdb”中寻找)；正在链接对象，如同没有调试信息一样
clapackd.lib(slarf1.obj) : warning LNK4099: 未找到 PDB“clapack.pdb”(使用“clapackd.lib(slarf1.obj)”或在“C:\Users\pp\Desktop\clapack_template\clapack_template\Debug\clapack.pdb”中寻找)；正在链接对象，如同没有调试信息一样
clapackd.lib(slarfb1.obj) : warning LNK4099: 未找到 PDB“clapack.pdb”(使用“clapackd.lib(slarfb1.obj)”或在“C:\Users\pp\Desktop\clapack_template\clapack_template\Debug\clapack.pdb”中寻找)；正在链接对象，如同没有调试信息一样
clapackd.lib(slarfg1.obj) : warning LNK4099: 未找到 PDB“clapack.pdb”(使用“clapackd.lib(slarfg1.obj)”或在“C:\Users\pp\Desktop\clapack_template\clapack_template\Debug\clapack.pdb”中寻找)；正在链接对象，如同没有调试信息一样
clapackd.lib(slarft1.obj) : warning LNK4099: 未找到 PDB“clapack.pdb”(使用“clapackd.lib(slarft1.obj)”或在“C:\Users\pp\Desktop\clapack_template\clapack_template\Debug\clapack.pdb”中寻找)；正在链接对象，如同没有调试信息一样
clapackd.lib(slartg1.obj) : warning LNK4099: 未找到 PDB“clapack.pdb”(使用“clapackd.lib(slartg1.obj)”或在“C:\Users\pp\Desktop\clapack_template\clapack_template\Debug\clapack.pdb”中寻找)；正在链接对象，如同没有调试信息一样
clapackd.lib(slas21.obj) : warning LNK4099: 未找到 PDB“clapack.pdb”(使用“clapackd.lib(slas21.obj)”或在“C:\Users\pp\Desktop\clapack_template\clapack_template\Debug\clapack.pdb”中寻找)；正在链接对象，如同没有调试信息一样
clapackd.lib(slascl1.obj) : warning LNK4099: 未找到 PDB“clapack.pdb”(使用“clapackd.lib(slascl1.obj)”或在“C:\Users\pp\Desktop\clapack_template\clapack_template\Debug\clapack.pdb”中寻找)；正在链接对象，如同没有调试信息一样
clapackd.lib(slaset1.obj) : warning LNK4099: 未找到 PDB“clapack.pdb”(使用“clapackd.lib(slaset1.obj)”或在“C:\Users\pp\Desktop\clapack_template\clapack_template\Debug\clapack.pdb”中寻找)；正在链接对象，如同没有调试信息一样
clapackd.lib(slasq11.obj) : warning LNK4099: 未找到 PDB“clapack.pdb”(使用“clapackd.lib(slasq11.obj)”或在“C:\Users\pp\Desktop\clapack_template\clapack_template\Debug\clapack.pdb”中寻找)；正在链接对象，如同没有调试信息一样
clapackd.lib(slasq21.obj) : warning LNK4099: 未找到 PDB“clapack.pdb”(使用“clapackd.lib(slasq21.obj)”或在“C:\Users\pp\Desktop\clapack_template\clapack_template\Debug\clapack.pdb”中寻找)；正在链接对象，如同没有调试信息一样
clapackd.lib(slasq51.obj) : warning LNK4099: 未找到 PDB“clapack.pdb”(使用“clapackd.lib(slasq51.obj)”或在“C:\Users\pp\Desktop\clapack_template\clapack_template\Debug\clapack.pdb”中寻找)；正在链接对象，如同没有调试信息一样
clapackd.lib(slasq61.obj) : warning LNK4099: 未找到 PDB“clapack.pdb”(使用“clapackd.lib(slasq61.obj)”或在“C:\Users\pp\Desktop\clapack_template\clapack_template\Debug\clapack.pdb”中寻找)；正在链接对象，如同没有调试信息一样
clapackd.lib(slasr1.obj) : warning LNK4099: 未找到 PDB“clapack.pdb”(使用“clapackd.lib(slasr1.obj)”或在“C:\Users\pp\Desktop\clapack_template\clapack_template\Debug\clapack.pdb”中寻找)；正在链接对象，如同没有调试信息一样
clapackd.lib(slasrt1.obj) : warning LNK4099: 未找到 PDB“clapack.pdb”(使用“clapackd.lib(slasrt1.obj)”或在“C:\Users\pp\Desktop\clapack_template\clapack_template\Debug\clapack.pdb”中寻找)；正在链接对象，如同没有调试信息一样
clapackd.lib(slassq1.obj) : warning LNK4099: 未找到 PDB“clapack.pdb”(使用“clapackd.lib(slassq1.obj)”或在“C:\Users\pp\Desktop\clapack_template\clapack_template\Debug\clapack.pdb”中寻找)；正在链接对象，如同没有调试信息一样
clapackd.lib(slasv21.obj) : warning LNK4099: 未找到 PDB“clapack.pdb”(使用“clapackd.lib(slasv21.obj)”或在“C:\Users\pp\Desktop\clapack_template\clapack_template\Debug\clapack.pdb”中寻找)；正在链接对象，如同没有调试信息一样
clapackd.lib(slaswp1.obj) : warning LNK4099: 未找到 PDB“clapack.pdb”(使用“clapackd.lib(slaswp1.obj)”或在“C:\Users\pp\Desktop\clapack_template\clapack_template\Debug\clapack.pdb”中寻找)；正在链接对象，如同没有调试信息一样
clapackd.lib(slasyf1.obj) : warning LNK4099: 未找到 PDB“clapack.pdb”(使用“clapackd.lib(slasyf1.obj)”或在“C:\Users\pp\Desktop\clapack_template\clapack_template\Debug\clapack.pdb”中寻找)；正在链接对象，如同没有调试信息一样
clapackd.lib(slazq31.obj) : warning LNK4099: 未找到 PDB“clapack.pdb”(使用“clapackd.lib(slazq31.obj)”或在“C:\Users\pp\Desktop\clapack_template\clapack_template\Debug\clapack.pdb”中寻找)；正在链接对象，如同没有调试信息一样
clapackd.lib(slazq41.obj) : warning LNK4099: 未找到 PDB“clapack.pdb”(使用“clapackd.lib(slazq41.obj)”或在“C:\Users\pp\Desktop\clapack_template\clapack_template\Debug\clapack.pdb”中寻找)；正在链接对象，如同没有调试信息一样
clapackd.lib(sorg2r1.obj) : warning LNK4099: 未找到 PDB“clapack.pdb”(使用“clapackd.lib(sorg2r1.obj)”或在“C:\Users\pp\Desktop\clapack_template\clapack_template\Debug\clapack.pdb”中寻找)；正在链接对象，如同没有调试信息一样
clapackd.lib(sorgbr1.obj) : warning LNK4099: 未找到 PDB“clapack.pdb”(使用“clapackd.lib(sorgbr1.obj)”或在“C:\Users\pp\Desktop\clapack_template\clapack_template\Debug\clapack.pdb”中寻找)；正在链接对象，如同没有调试信息一样
clapackd.lib(sorgl21.obj) : warning LNK4099: 未找到 PDB“clapack.pdb”(使用“clapackd.lib(sorgl21.obj)”或在“C:\Users\pp\Desktop\clapack_template\clapack_template\Debug\clapack.pdb”中寻找)；正在链接对象，如同没有调试信息一样
clapackd.lib(sorglq1.obj) : warning LNK4099: 未找到 PDB“clapack.pdb”(使用“clapackd.lib(sorglq1.obj)”或在“C:\Users\pp\Desktop\clapack_template\clapack_template\Debug\clapack.pdb”中寻找)；正在链接对象，如同没有调试信息一样
clapackd.lib(sorgqr1.obj) : warning LNK4099: 未找到 PDB“clapack.pdb”(使用“clapackd.lib(sorgqr1.obj)”或在“C:\Users\pp\Desktop\clapack_template\clapack_template\Debug\clapack.pdb”中寻找)；正在链接对象，如同没有调试信息一样
clapackd.lib(sorm2r1.obj) : warning LNK4099: 未找到 PDB“clapack.pdb”(使用“clapackd.lib(sorm2r1.obj)”或在“C:\Users\pp\Desktop\clapack_template\clapack_template\Debug\clapack.pdb”中寻找)；正在链接对象，如同没有调试信息一样
clapackd.lib(sormbr1.obj) : warning LNK4099: 未找到 PDB“clapack.pdb”(使用“clapackd.lib(sormbr1.obj)”或在“C:\Users\pp\Desktop\clapack_template\clapack_template\Debug\clapack.pdb”中寻找)；正在链接对象，如同没有调试信息一样
clapackd.lib(sorml21.obj) : warning LNK4099: 未找到 PDB“clapack.pdb”(使用“clapackd.lib(sorml21.obj)”或在“C:\Users\pp\Desktop\clapack_template\clapack_template\Debug\clapack.pdb”中寻找)；正在链接对象，如同没有调试信息一样
clapackd.lib(sormlq1.obj) : warning LNK4099: 未找到 PDB“clapack.pdb”(使用“clapackd.lib(sormlq1.obj)”或在“C:\Users\pp\Desktop\clapack_template\clapack_template\Debug\clapack.pdb”中寻找)；正在链接对象，如同没有调试信息一样
clapackd.lib(sormqr1.obj) : warning LNK4099: 未找到 PDB“clapack.pdb”(使用“clapackd.lib(sormqr1.obj)”或在“C:\Users\pp\Desktop\clapack_template\clapack_template\Debug\clapack.pdb”中寻找)；正在链接对象，如同没有调试信息一样
clapackd.lib(spotf21.obj) : warning LNK4099: 未找到 PDB“clapack.pdb”(使用“clapackd.lib(spotf21.obj)”或在“C:\Users\pp\Desktop\clapack_template\clapack_template\Debug\clapack.pdb”中寻找)；正在链接对象，如同没有调试信息一样
clapackd.lib(spotrf1.obj) : warning LNK4099: 未找到 PDB“clapack.pdb”(使用“clapackd.lib(spotrf1.obj)”或在“C:\Users\pp\Desktop\clapack_template\clapack_template\Debug\clapack.pdb”中寻找)；正在链接对象，如同没有调试信息一样
clapackd.lib(spotrs1.obj) : warning LNK4099: 未找到 PDB“clapack.pdb”(使用“clapackd.lib(spotrs1.obj)”或在“C:\Users\pp\Desktop\clapack_template\clapack_template\Debug\clapack.pdb”中寻找)；正在链接对象，如同没有调试信息一样
clapackd.lib(ssytf21.obj) : warning LNK4099: 未找到 PDB“clapack.pdb”(使用“clapackd.lib(ssytf21.obj)”或在“C:\Users\pp\Desktop\clapack_template\clapack_template\Debug\clapack.pdb”中寻找)；正在链接对象，如同没有调试信息一样
clapackd.lib(ssytrf1.obj) : warning LNK4099: 未找到 PDB“clapack.pdb”(使用“clapackd.lib(ssytrf1.obj)”或在“C:\Users\pp\Desktop\clapack_template\clapack_template\Debug\clapack.pdb”中寻找)；正在链接对象，如同没有调试信息一样
clapackd.lib(ssytrs1.obj) : warning LNK4099: 未找到 PDB“clapack.pdb”(使用“clapackd.lib(ssytrs1.obj)”或在“C:\Users\pp\Desktop\clapack_template\clapack_template\Debug\clapack.pdb”中寻找)；正在链接对象，如同没有调试信息一样
clapackd.lib(strti21.obj) : warning LNK4099: 未找到 PDB“clapack.pdb”(使用“clapackd.lib(strti21.obj)”或在“C:\Users\pp\Desktop\clapack_template\clapack_template\Debug\clapack.pdb”中寻找)；正在链接对象，如同没有调试信息一样
clapackd.lib(strtri1.obj) : warning LNK4099: 未找到 PDB“clapack.pdb”(使用“clapackd.lib(strtri1.obj)”或在“C:\Users\pp\Desktop\clapack_template\clapack_template\Debug\clapack.pdb”中寻找)；正在链接对象，如同没有调试信息一样
clapackd.lib(strtrs1.obj) : warning LNK4099: 未找到 PDB“clapack.pdb”(使用“clapackd.lib(strtrs1.obj)”或在“C:\Users\pp\Desktop\clapack_template\clapack_template\Debug\clapack.pdb”中寻找)；正在链接对象，如同没有调试信息一样
clapackd.lib(xerbla1.obj) : warning LNK4099: 未找到 PDB“clapack.pdb”(使用“clapackd.lib(xerbla1.obj)”或在“C:\Users\pp\Desktop\clapack_template\clapack_template\Debug\clapack.pdb”中寻找)；正在链接对象，如同没有调试信息一样
  clapack.vcxproj -> C:\Users\pp\Desktop\clapack_template\clapack_template\Debug\clapack.exe
